<?xml version="1.0" encoding="UTF-8"?>
<!-- Generated by org.testng.reporters.JUnitReportReporter -->
<testsuite hostname="DESKTOP-9HOGQB0" failures="0" tests="1" name="Divide.TC_1" time="6.020" errors="0" timestamp="2021-11-17T15:57:44 IST" skipped="0">
  <testcase classname="Divide.TC_1" name="f" time="6.020"/>
  <system-out/>
</testsuite> <!-- Divide.TC_1 -->
